mode: set
terraform-provider-querydesk/internal/provider/database_resource.go:25.46,27.2 1 1
terraform-provider-querydesk/internal/provider/database_resource.go:48.121,50.2 1 1
terraform-provider-querydesk/internal/provider/database_resource.go:52.115,110.2 1 1
terraform-provider-querydesk/internal/provider/database_resource.go:112.124,114.29 1 1
terraform-provider-querydesk/internal/provider/database_resource.go:114.29,116.3 1 1
terraform-provider-querydesk/internal/provider/database_resource.go:118.2,120.9 2 1
terraform-provider-querydesk/internal/provider/database_resource.go:120.9,127.3 2 0
terraform-provider-querydesk/internal/provider/database_resource.go:129.2,129.33 1 1
terraform-provider-querydesk/internal/provider/database_resource.go:132.115,138.33 3 1
terraform-provider-querydesk/internal/provider/database_resource.go:138.33,140.3 1 0
terraform-provider-querydesk/internal/provider/database_resource.go:142.2,143.36 2 1
terraform-provider-querydesk/internal/provider/database_resource.go:144.18,145.43 1 1
terraform-provider-querydesk/internal/provider/database_resource.go:146.15,147.40 1 0
terraform-provider-querydesk/internal/provider/database_resource.go:148.10,150.9 2 0
terraform-provider-querydesk/internal/provider/database_resource.go:153.2,167.16 3 1
terraform-provider-querydesk/internal/provider/database_resource.go:167.16,173.3 2 0
terraform-provider-querydesk/internal/provider/database_resource.go:175.2,175.48 1 1
terraform-provider-querydesk/internal/provider/database_resource.go:175.48,181.3 2 0
terraform-provider-querydesk/internal/provider/database_resource.go:183.2,186.56 2 1
terraform-provider-querydesk/internal/provider/database_resource.go:189.109,195.33 3 1
terraform-provider-querydesk/internal/provider/database_resource.go:195.33,197.3 1 0
terraform-provider-querydesk/internal/provider/database_resource.go:199.2,201.16 2 1
terraform-provider-querydesk/internal/provider/database_resource.go:201.16,207.3 2 0
terraform-provider-querydesk/internal/provider/database_resource.go:210.2,210.35 1 1
terraform-provider-querydesk/internal/provider/database_resource.go:210.35,213.3 2 0
terraform-provider-querydesk/internal/provider/database_resource.go:215.2,223.56 7 1
terraform-provider-querydesk/internal/provider/database_resource.go:226.115,232.33 3 1
terraform-provider-querydesk/internal/provider/database_resource.go:232.33,234.3 1 0
terraform-provider-querydesk/internal/provider/database_resource.go:236.2,237.36 2 1
terraform-provider-querydesk/internal/provider/database_resource.go:238.18,239.43 1 1
terraform-provider-querydesk/internal/provider/database_resource.go:240.15,241.40 1 0
terraform-provider-querydesk/internal/provider/database_resource.go:242.10,244.9 2 0
terraform-provider-querydesk/internal/provider/database_resource.go:247.2,261.16 3 1
terraform-provider-querydesk/internal/provider/database_resource.go:261.16,268.3 2 0
terraform-provider-querydesk/internal/provider/database_resource.go:270.2,270.48 1 1
terraform-provider-querydesk/internal/provider/database_resource.go:270.48,276.3 2 0
terraform-provider-querydesk/internal/provider/database_resource.go:279.2,279.56 1 1
terraform-provider-querydesk/internal/provider/database_resource.go:282.115,288.33 3 1
terraform-provider-querydesk/internal/provider/database_resource.go:288.33,290.3 1 0
terraform-provider-querydesk/internal/provider/database_resource.go:292.2,294.16 2 1
terraform-provider-querydesk/internal/provider/database_resource.go:294.16,301.3 2 0
terraform-provider-querydesk/internal/provider/database_resource.go:303.2,303.48 1 1
terraform-provider-querydesk/internal/provider/database_resource.go:303.48,309.3 2 0
terraform-provider-querydesk/internal/provider/database_resource.go:312.130,314.2 1 1
terraform-provider-querydesk/internal/provider/database_user_resource.go:24.50,26.2 1 1
terraform-provider-querydesk/internal/provider/database_user_resource.go:43.125,45.2 1 1
terraform-provider-querydesk/internal/provider/database_user_resource.go:47.119,86.2 1 1
terraform-provider-querydesk/internal/provider/database_user_resource.go:88.128,90.29 1 1
terraform-provider-querydesk/internal/provider/database_user_resource.go:90.29,92.3 1 1
terraform-provider-querydesk/internal/provider/database_user_resource.go:94.2,96.9 2 1
terraform-provider-querydesk/internal/provider/database_user_resource.go:96.9,103.3 2 0
terraform-provider-querydesk/internal/provider/database_user_resource.go:105.2,105.33 1 1
terraform-provider-querydesk/internal/provider/database_user_resource.go:108.119,114.33 3 1
terraform-provider-querydesk/internal/provider/database_user_resource.go:114.33,116.3 1 0
terraform-provider-querydesk/internal/provider/database_user_resource.go:118.2,128.16 3 1
terraform-provider-querydesk/internal/provider/database_user_resource.go:128.16,134.3 2 0
terraform-provider-querydesk/internal/provider/database_user_resource.go:136.2,136.50 1 1
terraform-provider-querydesk/internal/provider/database_user_resource.go:136.50,142.3 2 0
terraform-provider-querydesk/internal/provider/database_user_resource.go:144.2,147.56 2 1
terraform-provider-querydesk/internal/provider/database_user_resource.go:150.113,156.33 3 1
terraform-provider-querydesk/internal/provider/database_user_resource.go:156.33,158.3 1 0
terraform-provider-querydesk/internal/provider/database_user_resource.go:160.2,162.16 2 1
terraform-provider-querydesk/internal/provider/database_user_resource.go:162.16,168.3 2 0
terraform-provider-querydesk/internal/provider/database_user_resource.go:171.2,171.37 1 1
terraform-provider-querydesk/internal/provider/database_user_resource.go:171.37,174.3 2 0
terraform-provider-querydesk/internal/provider/database_user_resource.go:176.2,176.46 1 1
terraform-provider-querydesk/internal/provider/database_user_resource.go:176.46,178.3 1 0
terraform-provider-querydesk/internal/provider/database_user_resource.go:180.2,185.56 4 1
terraform-provider-querydesk/internal/provider/database_user_resource.go:188.119,194.33 3 1
terraform-provider-querydesk/internal/provider/database_user_resource.go:194.33,196.3 1 0
terraform-provider-querydesk/internal/provider/database_user_resource.go:198.2,207.16 3 1
terraform-provider-querydesk/internal/provider/database_user_resource.go:207.16,214.3 2 0
terraform-provider-querydesk/internal/provider/database_user_resource.go:216.2,216.50 1 1
terraform-provider-querydesk/internal/provider/database_user_resource.go:216.50,222.3 2 0
terraform-provider-querydesk/internal/provider/database_user_resource.go:225.2,225.56 1 1
terraform-provider-querydesk/internal/provider/database_user_resource.go:228.119,234.33 3 1
terraform-provider-querydesk/internal/provider/database_user_resource.go:234.33,236.3 1 0
terraform-provider-querydesk/internal/provider/database_user_resource.go:238.2,240.16 2 1
terraform-provider-querydesk/internal/provider/database_user_resource.go:240.16,247.3 2 0
terraform-provider-querydesk/internal/provider/database_user_resource.go:249.2,249.50 1 1
terraform-provider-querydesk/internal/provider/database_user_resource.go:249.50,255.3 2 0
terraform-provider-querydesk/internal/provider/database_user_resource.go:258.134,260.2 1 1
terraform-provider-querydesk/internal/provider/provider.go:37.122,40.2 2 1
terraform-provider-querydesk/internal/provider/provider.go:42.116,54.2 1 1
terraform-provider-querydesk/internal/provider/provider.go:56.125,61.33 3 1
terraform-provider-querydesk/internal/provider/provider.go:61.33,63.3 1 0
terraform-provider-querydesk/internal/provider/provider.go:65.2,65.27 1 1
terraform-provider-querydesk/internal/provider/provider.go:65.27,72.3 1 0
terraform-provider-querydesk/internal/provider/provider.go:74.2,74.29 1 1
terraform-provider-querydesk/internal/provider/provider.go:74.29,81.3 1 0
terraform-provider-querydesk/internal/provider/provider.go:83.2,83.33 1 1
terraform-provider-querydesk/internal/provider/provider.go:83.33,85.3 1 0
terraform-provider-querydesk/internal/provider/provider.go:87.2,90.25 3 1
terraform-provider-querydesk/internal/provider/provider.go:90.25,92.3 1 1
terraform-provider-querydesk/internal/provider/provider.go:94.2,94.27 1 1
terraform-provider-querydesk/internal/provider/provider.go:94.27,96.3 1 1
terraform-provider-querydesk/internal/provider/provider.go:98.2,98.19 1 1
terraform-provider-querydesk/internal/provider/provider.go:98.19,106.3 1 0
terraform-provider-querydesk/internal/provider/provider.go:108.2,108.33 1 1
terraform-provider-querydesk/internal/provider/provider.go:108.33,110.3 1 0
terraform-provider-querydesk/internal/provider/provider.go:112.2,113.16 2 1
terraform-provider-querydesk/internal/provider/provider.go:113.16,121.3 2 0
terraform-provider-querydesk/internal/provider/provider.go:123.2,127.25 3 1
terraform-provider-querydesk/internal/provider/provider.go:127.25,129.3 1 1
terraform-provider-querydesk/internal/provider/provider.go:131.2,132.30 2 1
terraform-provider-querydesk/internal/provider/provider.go:135.87,140.2 1 1
terraform-provider-querydesk/internal/provider/provider.go:142.93,144.2 1 1
terraform-provider-querydesk/internal/provider/provider.go:146.80,147.34 1 1
terraform-provider-querydesk/internal/provider/provider.go:147.34,152.3 1 1
